1. http://kopytov.rdf/#causes
2. http://kopytov.rdf/#contains
3. http://kopytov.rdf/#for
4. http://kopytov.rdf/#uses
1. http://kopytov.rdf/#version
1. http://kopytov.rdf/#addMLtoApp
2. http://kopytov.rdf/#ageRecognition
3. http://kopytov.rdf/#ageRecognitionError
4. http://kopytov.rdf/#algorithm
5. http://kopytov.rdf/#awesomeCoreML
6. http://kopytov.rdf/#awesomeSwift
7. http://kopytov.rdf/#badResult
8. http://kopytov.rdf/#caffe
9. http://kopytov.rdf/#classification
10. http://kopytov.rdf/#coreML
11. http://kopytov.rdf/#dataPreparing
12. http://kopytov.rdf/#dataSearching
13. http://kopytov.rdf/#decisionTree
14. http://kopytov.rdf/#emotionRecognition
15. http://kopytov.rdf/#emotionRecognitionError
16. http://kopytov.rdf/#face
17. http://kopytov.rdf/#faceDetection
18. http://kopytov.rdf/#genderRecognition
19. http://kopytov.rdf/#genderRecognitionError
20. http://kopytov.rdf/#goodResult
21. http://kopytov.rdf/#human
22. http://kopytov.rdf/#humanData
23. http://kopytov.rdf/#libSVM
24. http://kopytov.rdf/#light
25. http://kopytov.rdf/#logisticalRegression
26. http://kopytov.rdf/#modelSelecting
27. http://kopytov.rdf/#objectiveC
28. http://kopytov.rdf/#python
29. http://kopytov.rdf/#pythonToCoreML
30. http://kopytov.rdf/#qualityOfCompression
31. http://kopytov.rdf/#qualityOfPhoto
32. http://kopytov.rdf/#randomTreeForest
33. http://kopytov.rdf/#realData
34. http://kopytov.rdf/#scklearn
35. http://kopytov.rdf/#svm
36. http://kopytov.rdf/#swift
37. http://kopytov.rdf/#tensorFlowModels
38. http://kopytov.rdf/#testData
39. http://kopytov.rdf/#torch7
40. http://kopytov.rdf/#training
41. http://kopytov.rdf/#trainingData
42. http://kopytov.rdf/#weather
43. http://kopytov.rdf/#writeMobileApp
44. http://kopytov.rdf/#xcode
1. http://kopytov.rdf/#Classificator
2. http://kopytov.rdf/#Data
3. http://kopytov.rdf/#Error
4. http://kopytov.rdf/#Factor
5. http://kopytov.rdf/#Library
6. http://kopytov.rdf/#MachineLearning
7. http://kopytov.rdf/#Model
8. http://kopytov.rdf/#Object
9. http://kopytov.rdf/#Program
10. http://kopytov.rdf/#ProgramLanguage
11. http://kopytov.rdf/#Resource
12. http://kopytov.rdf/#Result
13. http://kopytov.rdf/#Science
14. http://kopytov.rdf/#Stage
15. http://kopytov.rdf/#Task
16. http://kopytov.rdf/#Tools
17. http://kopytov.rdf/#Utility
